  [4;36;1mSQL (0.3ms)[0m   [0;1m SELECT name
 FROM sqlite_master
 WHERE type = 'table' AND NOT name = 'sqlite_sequence'
[0m
  [4;35;1mSQL (16.4ms)[0m   [0mselect sqlite_version(*)[0m
  [4;36;1mSQL (5.9ms)[0m   [0;1mCREATE TABLE "schema_migrations" ("version" varchar(255) NOT NULL) [0m
  [4;35;1mSQL (2.4ms)[0m   [0mCREATE UNIQUE INDEX "unique_schema_migrations" ON "schema_migrations" ("version")[0m
  [4;36;1mSQL (0.4ms)[0m   [0;1m SELECT name
 FROM sqlite_master
 WHERE type = 'table' AND NOT name = 'sqlite_sequence'
[0m
  [4;35;1mSQL (0.1ms)[0m   [0mSELECT version FROM schema_migrations[0m
Migrating to CreateCustomers (20091104230642)
  [4;36;1mSQL (0.7ms)[0m   [0;1mCREATE TABLE "customers" ("id" INTEGER PRIMARY KEY AUTOINCREMENT NOT NULL, "name" varchar(255), "phone_number" varchar(255), "twitter_screen_name" varchar(255), "created_at" datetime, "updated_at" datetime) [0m
  [4;35;1mSQL (0.7ms)[0m   [0mINSERT INTO schema_migrations (version) VALUES ('20091104230642')[0m
Migrating to CreateAgents (20091104230714)
  [4;36;1mSQL (0.6ms)[0m   [0;1mCREATE TABLE "agents" ("id" INTEGER PRIMARY KEY AUTOINCREMENT NOT NULL, "login" varchar(255), "name" varchar(255), "state" varchar(255), "created_at" datetime, "updated_at" datetime) [0m
  [4;35;1mSQL (0.1ms)[0m   [0mINSERT INTO schema_migrations (version) VALUES ('20091104230714')[0m
Migrating to CreateCalls (20091104231136)
  [4;36;1mSQL (0.6ms)[0m   [0;1mCREATE TABLE "calls" ("id" INTEGER PRIMARY KEY AUTOINCREMENT NOT NULL, "channel" varchar(255), "conf_guid" varchar(255), "state" varchar(255), "customer_id" integer, "created_at" datetime, "updated_at" datetime) [0m
  [4;35;1mSQL (0.1ms)[0m   [0mINSERT INTO schema_migrations (version) VALUES ('20091104231136')[0m
  [4;36;1mSQL (0.3ms)[0m   [0;1m SELECT name
 FROM sqlite_master
 WHERE type = 'table' AND NOT name = 'sqlite_sequence'
[0m
  [4;35;1mSQL (0.2ms)[0m   [0mSELECT version FROM schema_migrations[0m
  [4;36;1mSQL (0.2ms)[0m   [0;1m SELECT name
 FROM sqlite_master
 WHERE type = 'table' AND NOT name = 'sqlite_sequence'
[0m
  [4;35;1mSQL (0.1ms)[0m   [0mPRAGMA index_list("agents")[0m
  [4;36;1mSQL (0.1ms)[0m   [0;1mPRAGMA index_list("calls")[0m
  [4;35;1mSQL (0.1ms)[0m   [0mPRAGMA index_list("customers")[0m
  [4;36;1mSQL (0.5ms)[0m   [0;1m SELECT name
 FROM sqlite_master
 WHERE type = 'table' AND NOT name = 'sqlite_sequence'
[0m
  [4;35;1mSQL (0.2ms)[0m   [0mSELECT version FROM schema_migrations[0m
Migrating to CreateCustomers (20091104230642)
Migrating to CreateAgents (20091104230714)
Migrating to CreateCalls (20091104231136)
Migrating to AddPriorityToCustomer (20091104234504)
  [4;36;1mSQL (0.1ms)[0m   [0;1mselect sqlite_version(*)[0m
  [4;35;1mSQL (0.7ms)[0m   [0mALTER TABLE "customers" ADD "priority" integer[0m
  [4;36;1mSQL (0.1ms)[0m   [0;1mINSERT INTO schema_migrations (version) VALUES ('20091104234504')[0m
  [4;35;1mSQL (0.3ms)[0m   [0m SELECT name
 FROM sqlite_master
 WHERE type = 'table' AND NOT name = 'sqlite_sequence'
[0m
  [4;36;1mSQL (0.2ms)[0m   [0;1mSELECT version FROM schema_migrations[0m
  [4;35;1mSQL (0.3ms)[0m   [0m SELECT name
 FROM sqlite_master
 WHERE type = 'table' AND NOT name = 'sqlite_sequence'
[0m
  [4;36;1mSQL (0.1ms)[0m   [0;1mPRAGMA index_list("agents")[0m
  [4;35;1mSQL (0.1ms)[0m   [0mPRAGMA index_list("calls")[0m
  [4;36;1mSQL (0.0ms)[0m   [0;1mPRAGMA index_list("customers")[0m
  [4;36;1mSQL (0.5ms)[0m   [0;1m SELECT name
 FROM sqlite_master
 WHERE type = 'table' AND NOT name = 'sqlite_sequence'
[0m
  [4;35;1mSQL (0.2ms)[0m   [0mSELECT version FROM schema_migrations[0m
Migrating to CreateCustomers (20091104230642)
Migrating to CreateAgents (20091104230714)
Migrating to CreateCalls (20091104231136)
Migrating to AddPriorityToCustomer (20091104234504)
  [4;36;1mSQL (0.2ms)[0m   [0;1mselect sqlite_version(*)[0m
  [4;35;1mSQL (0.2ms)[0m   [0m SELECT name
 FROM sqlite_master
 WHERE type = 'table' AND NOT name = 'sqlite_sequence'
[0m
  [4;36;1mSQL (0.2ms)[0m   [0;1mSELECT version FROM schema_migrations[0m
  [4;35;1mSQL (0.2ms)[0m   [0m SELECT name
 FROM sqlite_master
 WHERE type = 'table' AND NOT name = 'sqlite_sequence'
[0m
  [4;36;1mSQL (0.0ms)[0m   [0;1mPRAGMA index_list("agents")[0m
  [4;35;1mSQL (0.0ms)[0m   [0mPRAGMA index_list("calls")[0m
  [4;36;1mSQL (0.0ms)[0m   [0;1mPRAGMA index_list("customers")[0m
  [4;36;1mSQL (0.4ms)[0m   [0;1m SELECT name
 FROM sqlite_master
 WHERE type = 'table' AND NOT name = 'sqlite_sequence'
[0m
  [4;36;1mSQL (0.9ms)[0m   [0;1m SELECT name
 FROM sqlite_master
 WHERE type = 'table' AND NOT name = 'sqlite_sequence'
[0m
  [4;35;1mSQL (0.2ms)[0m   [0mSELECT version FROM schema_migrations[0m
  [4;36;1mSQL (0.2ms)[0m   [0;1m SELECT name
 FROM sqlite_master
 WHERE type = 'table' AND NOT name = 'sqlite_sequence'
[0m
  [4;35;1mSQL (0.2ms)[0m   [0mSELECT version FROM schema_migrations[0m
Migrating to AddPriorityToCustomer (20091104234504)
  [4;36;1mSQL (0.1ms)[0m   [0;1mselect sqlite_version(*)[0m
  [4;35;1mSQL (63.5ms)[0m   [0mCREATE TEMPORARY TABLE "altered_customers" ("id" INTEGER PRIMARY KEY AUTOINCREMENT NOT NULL, "name" varchar(255), "phone_number" varchar(255), "twitter_screen_name" varchar(255), "created_at" datetime, "updated_at" datetime, "priority" integer) [0m
  [4;36;1mSQL (0.1ms)[0m   [0;1mPRAGMA index_list("customers")[0m
  [4;35;1mSQL (0.4ms)[0m   [0mDROP TABLE "customers"[0m
  [4;36;1mSQL (0.2ms)[0m   [0;1mCREATE TABLE "customers" ("id" INTEGER PRIMARY KEY AUTOINCREMENT NOT NULL, "name" varchar(255), "phone_number" varchar(255), "twitter_screen_name" varchar(255), "created_at" datetime, "updated_at" datetime) [0m
  [4;35;1mSQL (0.0ms)[0m   [0mPRAGMA index_list("altered_customers")[0m
  [4;36;1mSQL (0.3ms)[0m   [0;1mDROP TABLE "altered_customers"[0m
  [4;35;1mSQL (0.1ms)[0m   [0mDELETE FROM schema_migrations WHERE version = '20091104234504'[0m
Migrating to CreateCalls (20091104231136)
  [4;36;1mSQL (0.4ms)[0m   [0;1mDROP TABLE "calls"[0m
  [4;35;1mSQL (0.1ms)[0m   [0mDELETE FROM schema_migrations WHERE version = '20091104231136'[0m
Migrating to CreateAgents (20091104230714)
  [4;36;1mSQL (0.4ms)[0m   [0;1mDROP TABLE "agents"[0m
  [4;35;1mSQL (0.1ms)[0m   [0mDELETE FROM schema_migrations WHERE version = '20091104230714'[0m
Migrating to CreateCustomers (20091104230642)
  [4;36;1mSQL (0.4ms)[0m   [0;1mDROP TABLE "customers"[0m
  [4;35;1mSQL (0.1ms)[0m   [0mDELETE FROM schema_migrations WHERE version = '20091104230642'[0m
  [4;36;1mSQL (0.3ms)[0m   [0;1m SELECT name
 FROM sqlite_master
 WHERE type = 'table' AND NOT name = 'sqlite_sequence'
[0m
  [4;35;1mSQL (0.1ms)[0m   [0mSELECT version FROM schema_migrations[0m
  [4;36;1mSQL (0.1ms)[0m   [0;1m SELECT name
 FROM sqlite_master
 WHERE type = 'table' AND NOT name = 'sqlite_sequence'
[0m
  [4;36;1mSQL (0.3ms)[0m   [0;1m SELECT name
 FROM sqlite_master
 WHERE type = 'table' AND NOT name = 'sqlite_sequence'
[0m
  [4;35;1mSQL (0.1ms)[0m   [0mSELECT version FROM schema_migrations[0m
Migrating to CreateCustomers (20091104230642)
  [4;36;1mSQL (0.1ms)[0m   [0;1mselect sqlite_version(*)[0m
  [4;35;1mSQL (0.4ms)[0m   [0mCREATE TABLE "customers" ("id" INTEGER PRIMARY KEY AUTOINCREMENT NOT NULL, "name" varchar(255), "phone_number" varchar(255), "twitter_screen_name" varchar(255), "created_at" datetime, "updated_at" datetime) [0m
  [4;36;1mSQL (0.1ms)[0m   [0;1mINSERT INTO schema_migrations (version) VALUES ('20091104230642')[0m
Migrating to CreateAgents (20091104230714)
  [4;35;1mSQL (0.4ms)[0m   [0mCREATE TABLE "agents" ("id" INTEGER PRIMARY KEY AUTOINCREMENT NOT NULL, "login" varchar(255), "name" varchar(255), "state" varchar(255), "created_at" datetime, "updated_at" datetime) [0m
  [4;36;1mSQL (0.1ms)[0m   [0;1mINSERT INTO schema_migrations (version) VALUES ('20091104230714')[0m
Migrating to CreateCalls (20091104231136)
  [4;35;1mSQL (0.5ms)[0m   [0mCREATE TABLE "calls" ("id" INTEGER PRIMARY KEY AUTOINCREMENT NOT NULL, "channel" varchar(255), "conf_guid" varchar(255), "state" varchar(255), "customer_id" integer, "created_at" datetime, "updated_at" datetime) [0m
  [4;36;1mSQL (0.1ms)[0m   [0;1mINSERT INTO schema_migrations (version) VALUES ('20091104231136')[0m
Migrating to AddPriorityToCustomer (20091104234504)
  [4;35;1mSQL (0.3ms)[0m   [0mALTER TABLE "customers" ADD "priority" integer[0m
  [4;36;1mSQL (0.1ms)[0m   [0;1mINSERT INTO schema_migrations (version) VALUES ('20091104234504')[0m
Migrating to AddExtensionToAgent (20091125230457)
  [4;35;1mSQL (0.3ms)[0m   [0mALTER TABLE "agents" ADD "extension" varchar(255)[0m
  [4;36;1mSQL (0.1ms)[0m   [0;1mINSERT INTO schema_migrations (version) VALUES ('20091125230457')[0m
  [4;35;1mSQL (0.3ms)[0m   [0m SELECT name
 FROM sqlite_master
 WHERE type = 'table' AND NOT name = 'sqlite_sequence'
[0m
  [4;36;1mSQL (0.2ms)[0m   [0;1mSELECT version FROM schema_migrations[0m
  [4;35;1mSQL (0.2ms)[0m   [0m SELECT name
 FROM sqlite_master
 WHERE type = 'table' AND NOT name = 'sqlite_sequence'
[0m
  [4;36;1mSQL (0.0ms)[0m   [0;1mPRAGMA index_list("agents")[0m
  [4;35;1mSQL (0.0ms)[0m   [0mPRAGMA index_list("calls")[0m
  [4;36;1mSQL (0.0ms)[0m   [0;1mPRAGMA index_list("customers")[0m
